<?xml version="1.0" encoding="UTF-8"?>
<testng-results ignored="0" total="1" passed="1" failed="0" skipped="0">
  <reporter-output>
  </reporter-output>
  <suite started-at="2024-05-10T18:45:44 IST" name="Default suite" finished-at="2024-05-10T18:46:07 IST" duration-ms="23344">
    <groups>
    </groups>
    <test started-at="2024-05-10T18:45:44 IST" name="Default test" finished-at="2024-05-10T18:46:07 IST" duration-ms="23344">
      <class name="orangeHrm.com.Products">
        <test-method is-config="true" signature="setUp()[pri:0, instance:orangeHrm.com.Products@3f191845]" started-at="2024-05-10T18:45:44 IST" name="setUp" finished-at="2024-05-10T18:45:47 IST" duration-ms="3430" status="PASS">
          <reporter-output>
          </reporter-output>
        </test-method> <!-- setUp -->
        <test-method signature="productPage()[pri:0, instance:orangeHrm.com.Products@3f191845]" started-at="2024-05-10T18:45:47 IST" name="productPage" finished-at="2024-05-10T18:46:07 IST" duration-ms="19570" status="PASS">
          <reporter-output>
          </reporter-output>
        </test-method> <!-- productPage -->
        <test-method is-config="true" signature="teardown()[pri:0, instance:orangeHrm.com.Products@3f191845]" started-at="2024-05-10T18:46:07 IST" name="teardown" finished-at="2024-05-10T18:46:07 IST" duration-ms="231" status="PASS">
          <reporter-output>
          </reporter-output>
        </test-method> <!-- teardown -->
      </class> <!-- orangeHrm.com.Products -->
    </test> <!-- Default test -->
  </suite> <!-- Default suite -->
</testng-results>
